[debug] [2024-10-25T08:18:24.656Z] ----------------------------------------------------------------------
[debug] [2024-10-25T08:18:24.682Z] Command:       C:\Program Files\nodejs\node.exe C:\Users\User\AppData\Roaming\npm\node_modules\firebase-tools\lib\bin\firebase.js init
[debug] [2024-10-25T08:18:24.683Z] CLI Version:   13.20.2
[debug] [2024-10-25T08:18:24.684Z] Platform:      win32
[debug] [2024-10-25T08:18:24.685Z] Node Version:  v20.18.0
[debug] [2024-10-25T08:18:24.685Z] Time:          Fri Oct 25 2024 13:48:24 GMT+0530 (India Standard Time)
[debug] [2024-10-25T08:18:24.686Z] ----------------------------------------------------------------------
[debug] 
[debug] [2024-10-25T08:18:25.179Z] > command requires scopes: ["email","openid","https://www.googleapis.com/auth/cloudplatformprojects.readonly","https://www.googleapis.com/auth/firebase","https://www.googleapis.com/auth/cloud-platform"]
[debug] [2024-10-25T08:18:25.182Z] > authorizing via signed-in user (nadharazeem16@gmail.com)
[info] 
     ######## #### ########  ######## ########     ###     ######  ########
     ##        ##  ##     ## ##       ##     ##  ##   ##  ##       ##
     ######    ##  ########  ######   ########  #########  ######  ######
     ##        ##  ##    ##  ##       ##     ## ##     ##       ## ##
     ##       #### ##     ## ######## ########  ##     ##  ######  ########

You're about to initialize a Firebase project in this directory:

  C:\Users\User\Desktop

Before we get started, keep in mind:

  * You are initializing within an existing Firebase project directory

[info] 
=== Project Setup
[info] 
[info] First, let's associate this project directory with a Firebase project.
[info] You can create multiple project aliases by running firebase use --add, 
[info] but for now we'll just set up a default project.
[info] 
[debug] [2024-10-25T08:21:54.640Z] Using project from CLI flag: astroriders-e1174
[debug] [2024-10-25T08:21:54.642Z] Checked if tokens are valid: true, expires at: 1729847520906
[debug] [2024-10-25T08:21:54.643Z] Checked if tokens are valid: true, expires at: 1729847520906
[debug] [2024-10-25T08:21:54.646Z] >>> [apiv2][query] GET https://firebase.googleapis.com/v1beta1/projects/astroriders-e1174 [none]
[debug] [2024-10-25T08:21:55.859Z] <<< [apiv2][status] GET https://firebase.googleapis.com/v1beta1/projects/astroriders-e1174 200
[debug] [2024-10-25T08:21:55.859Z] <<< [apiv2][body] GET https://firebase.googleapis.com/v1beta1/projects/astroriders-e1174 {"projectId":"astroriders-e1174","projectNumber":"846601994217","displayName":"Astroriders ","name":"projects/astroriders-e1174","resources":{"hostingSite":"astroriders-e1174"},"state":"ACTIVE","etag":"1_69476e34-949a-4912-bc61-22e071574cae"}
[info] i  Using project astroriders-e1174 (Astroriders ) 
[info] 
=== Hosting Setup
[debug] [2024-10-25T08:21:55.877Z] Checked if tokens are valid: true, expires at: 1729847520906
[debug] [2024-10-25T08:21:55.877Z] Checked if tokens are valid: true, expires at: 1729847520906
[debug] [2024-10-25T08:21:55.878Z] >>> [apiv2][query] GET https://firebase.googleapis.com/v1beta1/projects/astroriders-e1174 [none]
[debug] [2024-10-25T08:21:56.326Z] <<< [apiv2][status] GET https://firebase.googleapis.com/v1beta1/projects/astroriders-e1174 200
[debug] [2024-10-25T08:21:56.326Z] <<< [apiv2][body] GET https://firebase.googleapis.com/v1beta1/projects/astroriders-e1174 {"projectId":"astroriders-e1174","projectNumber":"846601994217","displayName":"Astroriders ","name":"projects/astroriders-e1174","resources":{"hostingSite":"astroriders-e1174"},"state":"ACTIVE","etag":"1_69476e34-949a-4912-bc61-22e071574cae"}
[info] 
[info] Your public directory is the folder (relative to your project directory) that
[info] will contain Hosting assets to be uploaded with firebase deploy. If you
[info] have a build process for your assets, use your build's output directory.
[info] 
[debug] [2024-10-25T08:22:17.400Z] >>> [apiv2][query] GET https://www.gstatic.com/firebasejs/releases.json [none]
[debug] [2024-10-25T08:22:17.734Z] <<< [apiv2][status] GET https://www.gstatic.com/firebasejs/releases.json 200
[debug] [2024-10-25T08:22:17.735Z] <<< [apiv2][body] GET https://www.gstatic.com/firebasejs/releases.json {"current":{"version":"11.0.1","browserURL":"https://www.gstatic.com/firebasejs/11.0.1/firebase.js","packageURL":"https://www.gstatic.com/firebasejs/11.0.1/firebase.tgz"},"live":{"version":"11.0","browserURL":"https://www.gstatic.com/firebasejs/live/11.0/firebase.js","packageURL":"https://www.gstatic.com/firebasejs/live/11.0/firebase.tgz"},"components":{"analytics":"https://www.gstatic.com/firebasejs/11.0.1/firebase-analytics.js","app":"https://www.gstatic.com/firebasejs/11.0.1/firebase-app.js","app-check":"https://www.gstatic.com/firebasejs/11.0.1/firebase-app-check.js","auth":"https://www.gstatic.com/firebasejs/11.0.1/firebase-auth.js","auth/cordova":"https://www.gstatic.com/firebasejs/11.0.1/firebase-auth/cordova.js","auth/web-extension":"https://www.gstatic.com/firebasejs/11.0.1/firebase-auth/web-extension.js","functions":"https://www.gstatic.com/firebasejs/11.0.1/firebase-functions.js","firestore":"https://www.gstatic.com/firebasejs/11.0.1/firebase-firestore.js","firestore/lite":"https://www.gstatic.com/firebasejs/11.0.1/firebase-firestore/lite.js","installations":"https://www.gstatic.com/firebasejs/11.0.1/firebase-installations.js","storage":"https://www.gstatic.com/firebasejs/11.0.1/firebase-storage.js","performance":"https://www.gstatic.com/firebasejs/11.0.1/firebase-performance.js","remote-config":"https://www.gstatic.com/firebasejs/11.0.1/firebase-remote-config.js","messaging":"https://www.gstatic.com/firebasejs/11.0.1/firebase-messaging.js","messaging/sw":"https://www.gstatic.com/firebasejs/11.0.1/firebase-messaging/sw.js","database":"https://www.gstatic.com/firebasejs/11.0.1/firebase-database.js","vertexai":"https://www.gstatic.com/firebasejs/11.0.1/firebase-vertexai.js","data-connect":"https://www.gstatic.com/firebasejs/11.0.1/firebase-data-connect.js","firestore.memory":"https://www.gstatic.com/firebasejs/11.0.1/firebase-firestore.memory.js"}}
[info] +  Wrote y/index.html 
[info] 
[info] i  Didn't detect a .git folder. Assuming C:\Users\User\Desktop\Projects\Portfolio is the project root. 
[info] i  Authorizing with GitHub to upload your service account to a GitHub repository's secrets store. 
[info] 
[info] Visit this URL on this device to log in:
[info] https://github.com/login/oauth/authorize?client_id=89cf50f02ac6aaed3484&state=147635110&redirect_uri=http%3A%2F%2Flocalhost%3A9005&scope=read%3Auser%20repo%20public_repo
[info] 
[info] Waiting for authentication...
[debug] [2024-10-25T08:23:05.805Z] >>> [apiv2][query] POST https://github.com/login/oauth/access_token [none]
[debug] [2024-10-25T08:23:05.806Z] >>> [apiv2][body] POST https://github.com/login/oauth/access_token [stream]
[debug] [2024-10-25T08:23:06.595Z] <<< [apiv2][status] POST https://github.com/login/oauth/access_token 200
[debug] [2024-10-25T08:23:06.596Z] <<< [apiv2][body] POST https://github.com/login/oauth/access_token {"access_token":"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","token_type":"bearer","scope":"read:user,repo"}
[debug] [2024-10-25T08:23:06.627Z] >>> [apiv2][query] GET https://api.github.com/user [none]
[debug] [2024-10-25T08:23:07.285Z] <<< [apiv2][status] GET https://api.github.com/user 200
[debug] [2024-10-25T08:23:07.285Z] <<< [apiv2][body] GET https://api.github.com/user {"login":"softwarenadha","id":154578096,"node_id":"U_kgDOCTassA","avatar_url":"https://avatars.githubusercontent.com/u/154578096?v=4","gravatar_id":"","url":"https://api.github.com/users/softwarenadha","html_url":"https://github.com/softwarenadha","followers_url":"https://api.github.com/users/softwarenadha/followers","following_url":"https://api.github.com/users/softwarenadha/following{/other_user}","gists_url":"https://api.github.com/users/softwarenadha/gists{/gist_id}","starred_url":"https://api.github.com/users/softwarenadha/starred{/owner}{/repo}","subscriptions_url":"https://api.github.com/users/softwarenadha/subscriptions","organizations_url":"https://api.github.com/users/softwarenadha/orgs","repos_url":"https://api.github.com/users/softwarenadha/repos","events_url":"https://api.github.com/users/softwarenadha/events{/privacy}","received_events_url":"https://api.github.com/users/softwarenadha/received_events","type":"User","user_view_type":"private","site_admin":false,"name":null,"company":null,"blog":"","location":null,"email":null,"hireable":null,"bio":null,"twitter_username":null,"notification_email":null,"public_repos":0,"public_gists":0,"followers":0,"following":0,"created_at":"2023-12-22T05:16:58Z","updated_at":"2024-03-28T13:56:45Z","private_gists":0,"total_private_repos":0,"owned_private_repos":0,"disk_usage":0,"collaborators":0,"two_factor_authentication":false,"plan":{"name":"free","space":976562499,"collaborators":0,"private_repos":10000}}
[info] 
[info] +  Success! Logged into GitHub as softwarenadha 
[info] 
[debug] [2024-10-25T08:23:21.536Z] >>> [apiv2][query] GET https://api.github.com/repos/y/actions/secrets/public-key type=owner
[debug] [2024-10-25T08:23:22.258Z] <<< [apiv2][status] GET https://api.github.com/repos/y/actions/secrets/public-key 404
[debug] [2024-10-25T08:23:22.258Z] <<< [apiv2][body] GET https://api.github.com/repos/y/actions/secrets/public-key {"message":"Not Found","documentation_url":"https://docs.github.com/rest","status":"404"}
[info] 
[info] 
[error] !  The provided authorization cannot be used with this repository. If this repository is in an organization, did you remember to grant access? 
[info] 
[info] i  Action required: Visit this URL to ensure access has been granted to the appropriate organization(s) for the Firebase CLI GitHub OAuth App: 
[info] https://github.com/settings/connections/applications/89cf50f02ac6aaed3484
[info] 
[debug] [2024-10-25T08:23:33.595Z] >>> [apiv2][query] GET https://api.github.com/repos/y/actions/secrets/public-key type=owner
[debug] [2024-10-25T08:23:34.222Z] <<< [apiv2][status] GET https://api.github.com/repos/y/actions/secrets/public-key 404
[debug] [2024-10-25T08:23:34.224Z] <<< [apiv2][body] GET https://api.github.com/repos/y/actions/secrets/public-key {"message":"Not Found","documentation_url":"https://docs.github.com/rest","status":"404"}
[info] 
[info] 
[error] !  The provided authorization cannot be used with this repository. If this repository is in an organization, did you remember to grant access? 
[info] 
[info] i  Action required: Visit this URL to ensure access has been granted to the appropriate organization(s) for the Firebase CLI GitHub OAuth App: 
[info] https://github.com/settings/connections/applications/89cf50f02ac6aaed3484
[info] 
[debug] [2024-10-25T08:25:26.566Z] >>> [apiv2][query] GET https://api.github.com/repos/HTML-and-CSS-Projects/actions/secrets/public-key type=owner
[debug] [2024-10-25T08:25:27.166Z] <<< [apiv2][status] GET https://api.github.com/repos/HTML-and-CSS-Projects/actions/secrets/public-key 404
[debug] [2024-10-25T08:25:27.166Z] <<< [apiv2][body] GET https://api.github.com/repos/HTML-and-CSS-Projects/actions/secrets/public-key {"message":"Not Found","documentation_url":"https://docs.github.com/rest","status":"404"}
[info] 
[info] 
[error] !  The provided authorization cannot be used with this repository. If this repository is in an organization, did you remember to grant access? 
[info] 
[info] i  Action required: Visit this URL to ensure access has been granted to the appropriate organization(s) for the Firebase CLI GitHub OAuth App: 
[info] https://github.com/settings/connections/applications/89cf50f02ac6aaed3484
[info] 
[debug] [2024-10-25T08:25:39.961Z] >>> [apiv2][query] GET https://api.github.com/repos/HTML-and-CSS-Projects/actions/secrets/public-key type=owner
[debug] [2024-10-25T08:25:40.585Z] <<< [apiv2][status] GET https://api.github.com/repos/HTML-and-CSS-Projects/actions/secrets/public-key 404
[debug] [2024-10-25T08:25:40.586Z] <<< [apiv2][body] GET https://api.github.com/repos/HTML-and-CSS-Projects/actions/secrets/public-key {"message":"Not Found","documentation_url":"https://docs.github.com/rest","status":"404"}
[info] 
[info] 
[error] !  The provided authorization cannot be used with this repository. If this repository is in an organization, did you remember to grant access? 
[info] 
[info] i  Action required: Visit this URL to ensure access has been granted to the appropriate organization(s) for the Firebase CLI GitHub OAuth App: 
[info] https://github.com/settings/connections/applications/89cf50f02ac6aaed3484
[info] 
[debug] [2024-10-25T08:25:42.215Z] >>> [apiv2][query] GET https://api.github.com/repos/HTML-and-CSS-Projects/actions/secrets/public-key type=owner
[debug] [2024-10-25T08:25:42.632Z] <<< [apiv2][status] GET https://api.github.com/repos/HTML-and-CSS-Projects/actions/secrets/public-key 404
[debug] [2024-10-25T08:25:42.632Z] <<< [apiv2][body] GET https://api.github.com/repos/HTML-and-CSS-Projects/actions/secrets/public-key {"message":"Not Found","documentation_url":"https://docs.github.com/rest","status":"404"}
[info] 
[info] 
[error] !  The provided authorization cannot be used with this repository. If this repository is in an organization, did you remember to grant access? 
[info] 
[info] i  Action required: Visit this URL to ensure access has been granted to the appropriate organization(s) for the Firebase CLI GitHub OAuth App: 
[info] https://github.com/settings/connections/applications/89cf50f02ac6aaed3484
[info] 
[debug] [2024-10-25T08:25:43.360Z] >>> [apiv2][query] GET https://api.github.com/repos/HTML-and-CSS-Projects/actions/secrets/public-key type=owner
[debug] [2024-10-25T08:25:43.769Z] <<< [apiv2][status] GET https://api.github.com/repos/HTML-and-CSS-Projects/actions/secrets/public-key 404
[debug] [2024-10-25T08:25:43.770Z] <<< [apiv2][body] GET https://api.github.com/repos/HTML-and-CSS-Projects/actions/secrets/public-key {"message":"Not Found","documentation_url":"https://docs.github.com/rest","status":"404"}
[info] 
[info] 
[error] !  The provided authorization cannot be used with this repository. If this repository is in an organization, did you remember to grant access? 
[info] 
[info] i  Action required: Visit this URL to ensure access has been granted to the appropriate organization(s) for the Firebase CLI GitHub OAuth App: 
[info] https://github.com/settings/connections/applications/89cf50f02ac6aaed3484
[info] 
[debug] [2024-10-25T08:26:49.616Z] ----------------------------------------------------------------------
[debug] [2024-10-25T08:26:49.626Z] Command:       C:\Program Files\nodejs\node.exe C:\Users\User\AppData\Roaming\npm\node_modules\firebase-tools\lib\bin\firebase.js init
[debug] [2024-10-25T08:26:49.627Z] CLI Version:   13.20.2
[debug] [2024-10-25T08:26:49.627Z] Platform:      win32
[debug] [2024-10-25T08:26:49.628Z] Node Version:  v20.18.0
[debug] [2024-10-25T08:26:49.628Z] Time:          Fri Oct 25 2024 13:56:49 GMT+0530 (India Standard Time)
[debug] [2024-10-25T08:26:49.628Z] ----------------------------------------------------------------------
[debug] 
[debug] [2024-10-25T08:26:49.881Z] > command requires scopes: ["email","openid","https://www.googleapis.com/auth/cloudplatformprojects.readonly","https://www.googleapis.com/auth/firebase","https://www.googleapis.com/auth/cloud-platform"]
[debug] [2024-10-25T08:26:49.882Z] > authorizing via signed-in user (nadharazeem16@gmail.com)
[info] 
     ######## #### ########  ######## ########     ###     ######  ########
     ##        ##  ##     ## ##       ##     ##  ##   ##  ##       ##
     ######    ##  ########  ######   ########  #########  ######  ######
     ##        ##  ##    ##  ##       ##     ## ##     ##       ## ##
     ##       #### ##     ## ######## ########  ##     ##  ######  ########

You're about to initialize a Firebase project in this directory:

  C:\Users\User\Desktop

Before we get started, keep in mind:

  * You are initializing within an existing Firebase project directory

[info] 
=== Project Setup
[info] 
[info] First, let's associate this project directory with a Firebase project.
[info] You can create multiple project aliases by running firebase use --add, 
[info] but for now we'll just set up a default project.
[info] 
[debug] [2024-10-25T08:26:56.033Z] Using project from CLI flag: astroriders-e1174
[debug] [2024-10-25T08:26:56.038Z] Checked if tokens are valid: true, expires at: 1729847520906
[debug] [2024-10-25T08:26:56.038Z] Checked if tokens are valid: true, expires at: 1729847520906
[debug] [2024-10-25T08:26:56.043Z] >>> [apiv2][query] GET https://firebase.googleapis.com/v1beta1/projects/astroriders-e1174 [none]
[debug] [2024-10-25T08:26:57.220Z] <<< [apiv2][status] GET https://firebase.googleapis.com/v1beta1/projects/astroriders-e1174 200
[debug] [2024-10-25T08:26:57.220Z] <<< [apiv2][body] GET https://firebase.googleapis.com/v1beta1/projects/astroriders-e1174 {"projectId":"astroriders-e1174","projectNumber":"846601994217","displayName":"Astroriders ","name":"projects/astroriders-e1174","resources":{"hostingSite":"astroriders-e1174"},"state":"ACTIVE","etag":"1_69476e34-949a-4912-bc61-22e071574cae"}
[info] i  Using project astroriders-e1174 (Astroriders ) 
[info] 
=== Hosting Setup
[debug] [2024-10-25T08:26:57.235Z] Checked if tokens are valid: true, expires at: 1729847520906
[debug] [2024-10-25T08:26:57.235Z] Checked if tokens are valid: true, expires at: 1729847520906
[debug] [2024-10-25T08:26:57.236Z] >>> [apiv2][query] GET https://firebase.googleapis.com/v1beta1/projects/astroriders-e1174 [none]
[debug] [2024-10-25T08:26:57.672Z] <<< [apiv2][status] GET https://firebase.googleapis.com/v1beta1/projects/astroriders-e1174 200
[debug] [2024-10-25T08:26:57.673Z] <<< [apiv2][body] GET https://firebase.googleapis.com/v1beta1/projects/astroriders-e1174 {"projectId":"astroriders-e1174","projectNumber":"846601994217","displayName":"Astroriders ","name":"projects/astroriders-e1174","resources":{"hostingSite":"astroriders-e1174"},"state":"ACTIVE","etag":"1_69476e34-949a-4912-bc61-22e071574cae"}
[info] 
[info] Your public directory is the folder (relative to your project directory) that
[info] will contain Hosting assets to be uploaded with firebase deploy. If you
[info] have a build process for your assets, use your build's output directory.
[info] 
[debug] [2024-10-25T08:27:09.544Z] >>> [apiv2][query] GET https://www.gstatic.com/firebasejs/releases.json [none]
[debug] [2024-10-25T08:27:09.924Z] <<< [apiv2][status] GET https://www.gstatic.com/firebasejs/releases.json 200
[debug] [2024-10-25T08:27:09.925Z] <<< [apiv2][body] GET https://www.gstatic.com/firebasejs/releases.json {"current":{"version":"11.0.1","browserURL":"https://www.gstatic.com/firebasejs/11.0.1/firebase.js","packageURL":"https://www.gstatic.com/firebasejs/11.0.1/firebase.tgz"},"live":{"version":"11.0","browserURL":"https://www.gstatic.com/firebasejs/live/11.0/firebase.js","packageURL":"https://www.gstatic.com/firebasejs/live/11.0/firebase.tgz"},"components":{"analytics":"https://www.gstatic.com/firebasejs/11.0.1/firebase-analytics.js","app":"https://www.gstatic.com/firebasejs/11.0.1/firebase-app.js","app-check":"https://www.gstatic.com/firebasejs/11.0.1/firebase-app-check.js","auth":"https://www.gstatic.com/firebasejs/11.0.1/firebase-auth.js","auth/cordova":"https://www.gstatic.com/firebasejs/11.0.1/firebase-auth/cordova.js","auth/web-extension":"https://www.gstatic.com/firebasejs/11.0.1/firebase-auth/web-extension.js","functions":"https://www.gstatic.com/firebasejs/11.0.1/firebase-functions.js","firestore":"https://www.gstatic.com/firebasejs/11.0.1/firebase-firestore.js","firestore/lite":"https://www.gstatic.com/firebasejs/11.0.1/firebase-firestore/lite.js","installations":"https://www.gstatic.com/firebasejs/11.0.1/firebase-installations.js","storage":"https://www.gstatic.com/firebasejs/11.0.1/firebase-storage.js","performance":"https://www.gstatic.com/firebasejs/11.0.1/firebase-performance.js","remote-config":"https://www.gstatic.com/firebasejs/11.0.1/firebase-remote-config.js","messaging":"https://www.gstatic.com/firebasejs/11.0.1/firebase-messaging.js","messaging/sw":"https://www.gstatic.com/firebasejs/11.0.1/firebase-messaging/sw.js","database":"https://www.gstatic.com/firebasejs/11.0.1/firebase-database.js","vertexai":"https://www.gstatic.com/firebasejs/11.0.1/firebase-vertexai.js","data-connect":"https://www.gstatic.com/firebasejs/11.0.1/firebase-data-connect.js","firestore.memory":"https://www.gstatic.com/firebasejs/11.0.1/firebase-firestore.memory.js"}}
[info] +  Wrote y/index.html 
[info] 
[info] i  Didn't detect a .git folder. Assuming C:\Users\User\Desktop\Projects\Portfolio is the project root. 
[info] i  Authorizing with GitHub to upload your service account to a GitHub repository's secrets store. 
[info] 
[info] Visit this URL on this device to log in:
[info] https://github.com/login/oauth/authorize?client_id=89cf50f02ac6aaed3484&state=7145903&redirect_uri=http%3A%2F%2Flocalhost%3A9005&scope=read%3Auser%20repo%20public_repo
[info] 
[info] Waiting for authentication...
[debug] [2024-10-25T08:27:16.971Z] >>> [apiv2][query] POST https://github.com/login/oauth/access_token [none]
[debug] [2024-10-25T08:27:16.971Z] >>> [apiv2][body] POST https://github.com/login/oauth/access_token [stream]
[debug] [2024-10-25T08:27:17.681Z] <<< [apiv2][status] POST https://github.com/login/oauth/access_token 200
[debug] [2024-10-25T08:27:17.681Z] <<< [apiv2][body] POST https://github.com/login/oauth/access_token {"access_token":"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","token_type":"bearer","scope":"read:user,repo"}
[debug] [2024-10-25T08:27:17.692Z] >>> [apiv2][query] GET https://api.github.com/user [none]
[debug] [2024-10-25T08:27:18.413Z] <<< [apiv2][status] GET https://api.github.com/user 200
[debug] [2024-10-25T08:27:18.413Z] <<< [apiv2][body] GET https://api.github.com/user {"login":"softwarenadha","id":154578096,"node_id":"U_kgDOCTassA","avatar_url":"https://avatars.githubusercontent.com/u/154578096?v=4","gravatar_id":"","url":"https://api.github.com/users/softwarenadha","html_url":"https://github.com/softwarenadha","followers_url":"https://api.github.com/users/softwarenadha/followers","following_url":"https://api.github.com/users/softwarenadha/following{/other_user}","gists_url":"https://api.github.com/users/softwarenadha/gists{/gist_id}","starred_url":"https://api.github.com/users/softwarenadha/starred{/owner}{/repo}","subscriptions_url":"https://api.github.com/users/softwarenadha/subscriptions","organizations_url":"https://api.github.com/users/softwarenadha/orgs","repos_url":"https://api.github.com/users/softwarenadha/repos","events_url":"https://api.github.com/users/softwarenadha/events{/privacy}","received_events_url":"https://api.github.com/users/softwarenadha/received_events","type":"User","user_view_type":"private","site_admin":false,"name":null,"company":null,"blog":"","location":null,"email":null,"hireable":null,"bio":null,"twitter_username":null,"notification_email":null,"public_repos":0,"public_gists":0,"followers":0,"following":0,"created_at":"2023-12-22T05:16:58Z","updated_at":"2024-03-28T13:56:45Z","private_gists":0,"total_private_repos":0,"owned_private_repos":0,"disk_usage":0,"collaborators":0,"two_factor_authentication":false,"plan":{"name":"free","space":976562499,"collaborators":0,"private_repos":10000}}
[info] 
[info] +  Success! Logged into GitHub as softwarenadha 
[info] 
[debug] [2024-10-25T08:28:41.380Z] >>> [apiv2][query] GET https://api.github.com/repos/Nadha6240/HTML-and-CSS-Projects/actions/secrets/public-key type=owner
[debug] [2024-10-25T08:28:42.017Z] <<< [apiv2][status] GET https://api.github.com/repos/Nadha6240/HTML-and-CSS-Projects/actions/secrets/public-key 403
[debug] [2024-10-25T08:28:42.018Z] <<< [apiv2][body] GET https://api.github.com/repos/Nadha6240/HTML-and-CSS-Projects/actions/secrets/public-key {"message":"Must have admin rights to Repository.","documentation_url":"https://docs.github.com/rest/actions/secrets#get-a-repository-public-key","status":"403"}
[info] 
[info] 
[error] !  The provided authorization cannot be used with this repository. If this repository is in an organization, did you remember to grant access? 
[info] 
[info] i  Action required: Visit this URL to ensure access has been granted to the appropriate organization(s) for the Firebase CLI GitHub OAuth App: 
[info] https://github.com/settings/connections/applications/89cf50f02ac6aaed3484
[info] 
